app/build/intermediates/manifest_merge_blame_file/debug/processDebugMainManifest/manifest-merger-blame-debug-report.txt
1<?xml version="1.0" encoding="utf-8"?>
2<manifest xmlns:android="http://schemas.android.com/apk/res/android"
3    package="us.beary.netlens"
4    android:versionCode="1"
5    android:versionName="0.1.0" >
6
7    <uses-sdk
8        android:minSdkVersion="29"
9        android:targetSdkVersion="35" />
10
11    <uses-permission android:name="android.permission.INTERNET" />
11-->src/main/AndroidManifest.xml:4:5-67
11-->src/main/AndroidManifest.xml:4:22-64
12    <uses-permission android:name="android.permission.ACCESS_NETWORK_STATE" />
12-->src/main/AndroidManifest.xml:5:5-79
12-->src/main/AndroidManifest.xml:5:22-76
13    <uses-permission android:name="android.permission.ACCESS_WIFI_STATE" />
13-->src/main/AndroidManifest.xml:6:5-76
13-->src/main/AndroidManifest.xml:6:22-73
14    <uses-permission android:name="android.permission.CHANGE_WIFI_MULTICAST_STATE" />
14-->src/main/AndroidManifest.xml:7:5-86
14-->src/main/AndroidManifest.xml:7:22-83
15    <uses-permission android:name="android.permission.WAKE_LOCK" />
15-->[androidx.work:work-runtime:2.10.0] AndroidManifest.xml:23:5-68
15-->[androidx.work:work-runtime:2.10.0] AndroidManifest.xml:23:22-65
16    <uses-permission android:name="android.permission.RECEIVE_BOOT_COMPLETED" />
16-->[androidx.work:work-runtime:2.10.0] AndroidManifest.xml:25:5-81
16-->[androidx.work:work-runtime:2.10.0] AndroidManifest.xml:25:22-78
17    <uses-permission android:name="android.permission.FOREGROUND_SERVICE" />
17-->[androidx.work:work-runtime:2.10.0] AndroidManifest.xml:26:5-77
17-->[androidx.work:work-runtime:2.10.0] AndroidManifest.xml:26:22-74
18
19    <permission
19-->[androidx.core:core:1.15.0] AndroidManifest.xml:22:5-24:47
20        android:name="us.beary.netlens.DYNAMIC_RECEIVER_NOT_EXPORTED_PERMISSION"
20-->[androidx.core:core:1.15.0] AndroidManifest.xml:23:9-81
21        android:protectionLevel="signature" />
21-->[androidx.core:core:1.15.0] AndroidManifest.xml:24:9-44
22
23    <uses-permission android:name="us.beary.netlens.DYNAMIC_RECEIVER_NOT_EXPORTED_PERMISSION" />
23-->[androidx.core:core:1.15.0] AndroidManifest.xml:26:5-97
23-->[androidx.core:core:1.15.0] AndroidManifest.xml:26:22-94
24
25    <application
25-->src/main/AndroidManifest.xml:9:5-38:19
26        android:name="us.beary.netlens.NetLensApplication"
26-->src/main/AndroidManifest.xml:10:9-43
27        android:appComponentFactory="androidx.core.app.CoreComponentFactory"
27-->[androidx.core:core:1.15.0] AndroidManifest.xml:28:18-86
28        android:debuggable="true"
29        android:extractNativeLibs="false"
30        android:label="@string/app_name"
30-->src/main/AndroidManifest.xml:15:9-41
31        android:networkSecurityConfig="@xml/network_security_config"
31-->src/main/AndroidManifest.xml:14:9-69
32        android:supportsRtl="true"
32-->src/main/AndroidManifest.xml:12:9-35
33        android:theme="@style/Theme.NetLens"
33-->src/main/AndroidManifest.xml:11:9-45
34        android:usesCleartextTraffic="true" >
34-->src/main/AndroidManifest.xml:13:9-44
35        <activity
35-->src/main/AndroidManifest.xml:17:9-25:20
36            android:name="us.beary.netlens.MainActivity"
36-->src/main/AndroidManifest.xml:18:13-41
37            android:exported="true"
37-->src/main/AndroidManifest.xml:19:13-36
38            android:theme="@style/Theme.NetLens" >
38-->src/main/AndroidManifest.xml:20:13-49
39            <intent-filter>
39-->src/main/AndroidManifest.xml:21:13-24:29
40                <action android:name="android.intent.action.MAIN" />
40-->src/main/AndroidManifest.xml:22:17-69
40-->src/main/AndroidManifest.xml:22:25-66
41
42                <category android:name="android.intent.category.LAUNCHER" />
42-->src/main/AndroidManifest.xml:23:17-77
42-->src/main/AndroidManifest.xml:23:27-74
43            </intent-filter>
44        </activity>
45
46        <receiver
46-->src/main/AndroidManifest.xml:27:9-36:20
47            android:name="us.beary.netlens.widget.NetLensWidgetReceiver"
47-->src/main/AndroidManifest.xml:28:13-73
48            android:exported="true" >
48-->src/main/AndroidManifest.xml:29:13-36
49            <intent-filter>
49-->src/main/AndroidManifest.xml:30:13-32:29
50                <action android:name="android.appwidget.action.APPWIDGET_UPDATE" />
50-->src/main/AndroidManifest.xml:31:17-84
50-->src/main/AndroidManifest.xml:31:25-81
51            </intent-filter>
52
53            <meta-data
53-->src/main/AndroidManifest.xml:33:13-35:63
54                android:name="android.appwidget.provider"
54-->src/main/AndroidManifest.xml:34:17-58
55                android:resource="@xml/netlens_widget_info" />
55-->src/main/AndroidManifest.xml:35:17-60
56        </receiver>
57
58        <activity
58-->[androidx.glance:glance-appwidget:1.1.1] AndroidManifest.xml:23:9-28:62
59            android:name="androidx.glance.appwidget.action.ActionTrampolineActivity"
59-->[androidx.glance:glance-appwidget:1.1.1] AndroidManifest.xml:24:13-85
60            android:enabled="true"
60-->[androidx.glance:glance-appwidget:1.1.1] AndroidManifest.xml:25:13-35
61            android:excludeFromRecents="true"
61-->[androidx.glance:glance-appwidget:1.1.1] AndroidManifest.xml:26:13-46
62            android:exported="false"
62-->[androidx.glance:glance-appwidget:1.1.1] AndroidManifest.xml:27:13-37
63            android:theme="@android:style/Theme.NoDisplay" />
63-->[androidx.glance:glance-appwidget:1.1.1] AndroidManifest.xml:28:13-59
64        <activity
64-->[androidx.glance:glance-appwidget:1.1.1] AndroidManifest.xml:29:9-36:81
65            android:name="androidx.glance.appwidget.action.InvisibleActionTrampolineActivity"
65-->[androidx.glance:glance-appwidget:1.1.1] AndroidManifest.xml:30:13-94
66            android:enabled="true"
66-->[androidx.glance:glance-appwidget:1.1.1] AndroidManifest.xml:31:13-35
67            android:exported="false"
67-->[androidx.glance:glance-appwidget:1.1.1] AndroidManifest.xml:32:13-37
68            android:launchMode="singleInstance"
68-->[androidx.glance:glance-appwidget:1.1.1] AndroidManifest.xml:33:13-48
69            android:noHistory="true"
69-->[androidx.glance:glance-appwidget:1.1.1] AndroidManifest.xml:34:13-37
70            android:taskAffinity="androidx.glance.appwidget.ListAdapterCallbackTrampoline"
70-->[androidx.glance:glance-appwidget:1.1.1] AndroidManifest.xml:35:13-91
71            android:theme="@style/Widget.Glance.AppWidget.CallbackTrampoline" />
71-->[androidx.glance:glance-appwidget:1.1.1] AndroidManifest.xml:36:13-78
72
73        <receiver
73-->[androidx.glance:glance-appwidget:1.1.1] AndroidManifest.xml:38:9-41:40
74            android:name="androidx.glance.appwidget.action.ActionCallbackBroadcastReceiver"
74-->[androidx.glance:glance-appwidget:1.1.1] AndroidManifest.xml:39:13-92
75            android:enabled="true"
75-->[androidx.glance:glance-appwidget:1.1.1] AndroidManifest.xml:40:13-35
76            android:exported="false" />
76-->[androidx.glance:glance-appwidget:1.1.1] AndroidManifest.xml:41:13-37
77        <receiver
77-->[androidx.glance:glance-appwidget:1.1.1] AndroidManifest.xml:42:9-45:40
78            android:name="androidx.glance.appwidget.UnmanagedSessionReceiver"
78-->[androidx.glance:glance-appwidget:1.1.1] AndroidManifest.xml:43:13-78
79            android:enabled="true"
79-->[androidx.glance:glance-appwidget:1.1.1] AndroidManifest.xml:44:13-35
80            android:exported="false" />
80-->[androidx.glance:glance-appwidget:1.1.1] AndroidManifest.xml:45:13-37
81        <receiver
81-->[androidx.glance:glance-appwidget:1.1.1] AndroidManifest.xml:46:9-53:20
82            android:name="androidx.glance.appwidget.MyPackageReplacedReceiver"
82-->[androidx.glance:glance-appwidget:1.1.1] AndroidManifest.xml:47:13-79
83            android:enabled="true"
83-->[androidx.glance:glance-appwidget:1.1.1] AndroidManifest.xml:48:13-35
84            android:exported="false" >
84-->[androidx.glance:glance-appwidget:1.1.1] AndroidManifest.xml:49:13-37
85            <intent-filter>
85-->[androidx.glance:glance-appwidget:1.1.1] AndroidManifest.xml:50:13-52:29
86                <action android:name="android.intent.action.MY_PACKAGE_REPLACED" />
86-->[androidx.glance:glance-appwidget:1.1.1] AndroidManifest.xml:51:17-84
86-->[androidx.glance:glance-appwidget:1.1.1] AndroidManifest.xml:51:25-81
87            </intent-filter>
88        </receiver>
89
90        <service
90-->[androidx.glance:glance-appwidget:1.1.1] AndroidManifest.xml:55:9-58:72
91            android:name="androidx.glance.appwidget.GlanceRemoteViewsService"
91-->[androidx.glance:glance-appwidget:1.1.1] AndroidManifest.xml:56:13-78
92            android:exported="true"
92-->[androidx.glance:glance-appwidget:1.1.1] AndroidManifest.xml:57:13-36
93            android:permission="android.permission.BIND_REMOTEVIEWS" />
93-->[androidx.glance:glance-appwidget:1.1.1] AndroidManifest.xml:58:13-69
94
95        <activity
95-->[androidx.compose.ui:ui-tooling-android:1.7.6] AndroidManifest.xml:23:9-25:39
96            android:name="androidx.compose.ui.tooling.PreviewActivity"
96-->[androidx.compose.ui:ui-tooling-android:1.7.6] AndroidManifest.xml:24:13-71
97            android:exported="true" />
97-->[androidx.compose.ui:ui-tooling-android:1.7.6] AndroidManifest.xml:25:13-36
98
99        <provider
99-->[androidx.work:work-runtime:2.10.0] AndroidManifest.xml:29:9-37:20
100            android:name="androidx.startup.InitializationProvider"
100-->[androidx.work:work-runtime:2.10.0] AndroidManifest.xml:30:13-67
101            android:authorities="us.beary.netlens.androidx-startup"
101-->[androidx.work:work-runtime:2.10.0] AndroidManifest.xml:31:13-68
102            android:exported="false" >
102-->[androidx.work:work-runtime:2.10.0] AndroidManifest.xml:32:13-37
103            <meta-data
103-->[androidx.work:work-runtime:2.10.0] AndroidManifest.xml:34:13-36:52
104                android:name="androidx.work.WorkManagerInitializer"
104-->[androidx.work:work-runtime:2.10.0] AndroidManifest.xml:35:17-68
105                android:value="androidx.startup" />
105-->[androidx.work:work-runtime:2.10.0] AndroidManifest.xml:36:17-49
106            <meta-data
106-->[androidx.emoji2:emoji2:1.3.0] AndroidManifest.xml:29:13-31:52
107                android:name="androidx.emoji2.text.EmojiCompatInitializer"
107-->[androidx.emoji2:emoji2:1.3.0] AndroidManifest.xml:30:17-75
108                android:value="androidx.startup" />
108-->[androidx.emoji2:emoji2:1.3.0] AndroidManifest.xml:31:17-49
109            <meta-data
109-->[androidx.lifecycle:lifecycle-process:2.8.7] AndroidManifest.xml:29:13-31:52
110                android:name="androidx.lifecycle.ProcessLifecycleInitializer"
110-->[androidx.lifecycle:lifecycle-process:2.8.7] AndroidManifest.xml:30:17-78
111                android:value="androidx.startup" />
111-->[androidx.lifecycle:lifecycle-process:2.8.7] AndroidManifest.xml:31:17-49
112            <meta-data
112-->[androidx.profileinstaller:profileinstaller:1.3.1] AndroidManifest.xml:29:13-31:52
113                android:name="androidx.profileinstaller.ProfileInstallerInitializer"
113-->[androidx.profileinstaller:profileinstaller:1.3.1] AndroidManifest.xml:30:17-85
114                android:value="androidx.startup" />
114-->[androidx.profileinstaller:profileinstaller:1.3.1] AndroidManifest.xml:31:17-49
115        </provider>
116
117        <service
117-->[androidx.work:work-runtime:2.10.0] AndroidManifest.xml:39:9-45:35
118            android:name="androidx.work.impl.background.systemalarm.SystemAlarmService"
118-->[androidx.work:work-runtime:2.10.0] AndroidManifest.xml:40:13-88
119            android:directBootAware="false"
119-->[androidx.work:work-runtime:2.10.0] AndroidManifest.xml:41:13-44
120            android:enabled="@bool/enable_system_alarm_service_default"
120-->[androidx.work:work-runtime:2.10.0] AndroidManifest.xml:42:13-72
121            android:exported="false" />
121-->[androidx.work:work-runtime:2.10.0] AndroidManifest.xml:43:13-37
122        <service
122-->[androidx.work:work-runtime:2.10.0] AndroidManifest.xml:46:9-52:35
123            android:name="androidx.work.impl.background.systemjob.SystemJobService"
123-->[androidx.work:work-runtime:2.10.0] AndroidManifest.xml:47:13-84
124            android:directBootAware="false"
124-->[androidx.work:work-runtime:2.10.0] AndroidManifest.xml:48:13-44
125            android:enabled="@bool/enable_system_job_service_default"
125-->[androidx.work:work-runtime:2.10.0] AndroidManifest.xml:49:13-70
126            android:exported="true"
126-->[androidx.work:work-runtime:2.10.0] AndroidManifest.xml:50:13-36
127            android:permission="android.permission.BIND_JOB_SERVICE" />
127-->[androidx.work:work-runtime:2.10.0] AndroidManifest.xml:51:13-69
128        <service
128-->[androidx.work:work-runtime:2.10.0] AndroidManifest.xml:53:9-59:35
129            android:name="androidx.work.impl.foreground.SystemForegroundService"
129-->[androidx.work:work-runtime:2.10.0] AndroidManifest.xml:54:13-81
130            android:directBootAware="false"
130-->[androidx.work:work-runtime:2.10.0] AndroidManifest.xml:55:13-44
131            android:enabled="@bool/enable_system_foreground_service_default"
131-->[androidx.work:work-runtime:2.10.0] AndroidManifest.xml:56:13-77
132            android:exported="false" />
132-->[androidx.work:work-runtime:2.10.0] AndroidManifest.xml:57:13-37
133
134        <receiver
134-->[androidx.work:work-runtime:2.10.0] AndroidManifest.xml:61:9-66:35
135            android:name="androidx.work.impl.utils.ForceStopRunnable$BroadcastReceiver"
135-->[androidx.work:work-runtime:2.10.0] AndroidManifest.xml:62:13-88
136            android:directBootAware="false"
136-->[androidx.work:work-runtime:2.10.0] AndroidManifest.xml:63:13-44
137            android:enabled="true"
137-->[androidx.work:work-runtime:2.10.0] AndroidManifest.xml:64:13-35
138            android:exported="false" />
138-->[androidx.work:work-runtime:2.10.0] AndroidManifest.xml:65:13-37
139        <receiver
139-->[androidx.work:work-runtime:2.10.0] AndroidManifest.xml:67:9-77:20
140            android:name="androidx.work.impl.background.systemalarm.ConstraintProxy$BatteryChargingProxy"
140-->[androidx.work:work-runtime:2.10.0] AndroidManifest.xml:68:13-106
141            android:directBootAware="false"
141-->[androidx.work:work-runtime:2.10.0] AndroidManifest.xml:69:13-44
142            android:enabled="false"
142-->[androidx.work:work-runtime:2.10.0] AndroidManifest.xml:70:13-36
143            android:exported="false" >
143-->[androidx.work:work-runtime:2.10.0] AndroidManifest.xml:71:13-37
144            <intent-filter>
144-->[androidx.work:work-runtime:2.10.0] AndroidManifest.xml:73:13-76:29
145                <action android:name="android.intent.action.ACTION_POWER_CONNECTED" />
145-->[androidx.work:work-runtime:2.10.0] AndroidManifest.xml:74:17-87
145-->[androidx.work:work-runtime:2.10.0] AndroidManifest.xml:74:25-84
146                <action android:name="android.intent.action.ACTION_POWER_DISCONNECTED" />
146-->[androidx.work:work-runtime:2.10.0] AndroidManifest.xml:75:17-90
146-->[androidx.work:work-runtime:2.10.0] AndroidManifest.xml:75:25-87
147            </intent-filter>
148        </receiver>
149        <receiver
149-->[androidx.work:work-runtime:2.10.0] AndroidManifest.xml:78:9-88:20
150            android:name="androidx.work.impl.background.systemalarm.ConstraintProxy$BatteryNotLowProxy"
150-->[androidx.work:work-runtime:2.10.0] AndroidManifest.xml:79:13-104
151            android:directBootAware="false"
151-->[androidx.work:work-runtime:2.10.0] AndroidManifest.xml:80:13-44
152            android:enabled="false"
152-->[androidx.work:work-runtime:2.10.0] AndroidManifest.xml:81:13-36
153            android:exported="false" >
153-->[androidx.work:work-runtime:2.10.0] AndroidManifest.xml:82:13-37
154            <intent-filter>
154-->[androidx.work:work-runtime:2.10.0] AndroidManifest.xml:84:13-87:29
155                <action android:name="android.intent.action.BATTERY_OKAY" />
155-->[androidx.work:work-runtime:2.10.0] AndroidManifest.xml:85:17-77
155-->[androidx.work:work-runtime:2.10.0] AndroidManifest.xml:85:25-74
156                <action android:name="android.intent.action.BATTERY_LOW" />
156-->[androidx.work:work-runtime:2.10.0] AndroidManifest.xml:86:17-76
156-->[androidx.work:work-runtime:2.10.0] AndroidManifest.xml:86:25-73
157            </intent-filter>
158        </receiver>
159        <receiver
159-->[androidx.work:work-runtime:2.10.0] AndroidManifest.xml:89:9-99:20
160            android:name="androidx.work.impl.background.systemalarm.ConstraintProxy$StorageNotLowProxy"
160-->[androidx.work:work-runtime:2.10.0] AndroidManifest.xml:90:13-104
161            android:directBootAware="false"
161-->[androidx.work:work-runtime:2.10.0] AndroidManifest.xml:91:13-44
162            android:enabled="false"
162-->[androidx.work:work-runtime:2.10.0] AndroidManifest.xml:92:13-36
163            android:exported="false" >
163-->[androidx.work:work-runtime:2.10.0] AndroidManifest.xml:93:13-37
164            <intent-filter>
164-->[androidx.work:work-runtime:2.10.0] AndroidManifest.xml:95:13-98:29
165                <action android:name="android.intent.action.DEVICE_STORAGE_LOW" />
165-->[androidx.work:work-runtime:2.10.0] AndroidManifest.xml:96:17-83
165-->[androidx.work:work-runtime:2.10.0] AndroidManifest.xml:96:25-80
166                <action android:name="android.intent.action.DEVICE_STORAGE_OK" />
166-->[androidx.work:work-runtime:2.10.0] AndroidManifest.xml:97:17-82
166-->[androidx.work:work-runtime:2.10.0] AndroidManifest.xml:97:25-79
167            </intent-filter>
168        </receiver>
169        <receiver
169-->[androidx.work:work-runtime:2.10.0] AndroidManifest.xml:100:9-109:20
170            android:name="androidx.work.impl.background.systemalarm.ConstraintProxy$NetworkStateProxy"
170-->[androidx.work:work-runtime:2.10.0] AndroidManifest.xml:101:13-103
171            android:directBootAware="false"
171-->[androidx.work:work-runtime:2.10.0] AndroidManifest.xml:102:13-44
172            android:enabled="false"
172-->[androidx.work:work-runtime:2.10.0] AndroidManifest.xml:103:13-36
173            android:exported="false" >
173-->[androidx.work:work-runtime:2.10.0] AndroidManifest.xml:104:13-37
174            <intent-filter>
174-->[androidx.work:work-runtime:2.10.0] AndroidManifest.xml:106:13-108:29
175                <action android:name="android.net.conn.CONNECTIVITY_CHANGE" />
175-->[androidx.work:work-runtime:2.10.0] AndroidManifest.xml:107:17-79
175-->[androidx.work:work-runtime:2.10.0] AndroidManifest.xml:107:25-76
176            </intent-filter>
177        </receiver>
178        <receiver
178-->[androidx.work:work-runtime:2.10.0] AndroidManifest.xml:110:9-121:20
179            android:name="androidx.work.impl.background.systemalarm.RescheduleReceiver"
179-->[androidx.work:work-runtime:2.10.0] AndroidManifest.xml:111:13-88
180            android:directBootAware="false"
180-->[androidx.work:work-runtime:2.10.0] AndroidManifest.xml:112:13-44
181            android:enabled="false"
181-->[androidx.work:work-runtime:2.10.0] AndroidManifest.xml:113:13-36
182            android:exported="false" >
182-->[androidx.work:work-runtime:2.10.0] AndroidManifest.xml:114:13-37
183            <intent-filter>
183-->[androidx.work:work-runtime:2.10.0] AndroidManifest.xml:116:13-120:29
184                <action android:name="android.intent.action.BOOT_COMPLETED" />
184-->[androidx.work:work-runtime:2.10.0] AndroidManifest.xml:117:17-79
184-->[androidx.work:work-runtime:2.10.0] AndroidManifest.xml:117:25-76
185                <action android:name="android.intent.action.TIME_SET" />
185-->[androidx.work:work-runtime:2.10.0] AndroidManifest.xml:118:17-73
185-->[androidx.work:work-runtime:2.10.0] AndroidManifest.xml:118:25-70
186                <action android:name="android.intent.action.TIMEZONE_CHANGED" />
186-->[androidx.work:work-runtime:2.10.0] AndroidManifest.xml:119:17-81
186-->[androidx.work:work-runtime:2.10.0] AndroidManifest.xml:119:25-78
187            </intent-filter>
188        </receiver>
189        <receiver
189-->[androidx.work:work-runtime:2.10.0] AndroidManifest.xml:122:9-131:20
190            android:name="androidx.work.impl.background.systemalarm.ConstraintProxyUpdateReceiver"
190-->[androidx.work:work-runtime:2.10.0] AndroidManifest.xml:123:13-99
191            android:directBootAware="false"
191-->[androidx.work:work-runtime:2.10.0] AndroidManifest.xml:124:13-44
192            android:enabled="@bool/enable_system_alarm_service_default"
192-->[androidx.work:work-runtime:2.10.0] AndroidManifest.xml:125:13-72
193            android:exported="false" >
193-->[androidx.work:work-runtime:2.10.0] AndroidManifest.xml:126:13-37
194            <intent-filter>
194-->[androidx.work:work-runtime:2.10.0] AndroidManifest.xml:128:13-130:29
195                <action android:name="androidx.work.impl.background.systemalarm.UpdateProxies" />
195-->[androidx.work:work-runtime:2.10.0] AndroidManifest.xml:129:17-98
195-->[androidx.work:work-runtime:2.10.0] AndroidManifest.xml:129:25-95
196            </intent-filter>
197        </receiver>
198        <receiver
198-->[androidx.work:work-runtime:2.10.0] AndroidManifest.xml:132:9-142:20
199            android:name="androidx.work.impl.diagnostics.DiagnosticsReceiver"
199-->[androidx.work:work-runtime:2.10.0] AndroidManifest.xml:133:13-78
200            android:directBootAware="false"
200-->[androidx.work:work-runtime:2.10.0] AndroidManifest.xml:134:13-44
201            android:enabled="true"
201-->[androidx.work:work-runtime:2.10.0] AndroidManifest.xml:135:13-35
202            android:exported="true"
202-->[androidx.work:work-runtime:2.10.0] AndroidManifest.xml:136:13-36
203            android:permission="android.permission.DUMP" >
203-->[androidx.work:work-runtime:2.10.0] AndroidManifest.xml:137:13-57
204            <intent-filter>
204-->[androidx.work:work-runtime:2.10.0] AndroidManifest.xml:139:13-141:29
205                <action android:name="androidx.work.diagnostics.REQUEST_DIAGNOSTICS" />
205-->[androidx.work:work-runtime:2.10.0] AndroidManifest.xml:140:17-88
205-->[androidx.work:work-runtime:2.10.0] AndroidManifest.xml:140:25-85
206            </intent-filter>
207        </receiver>
208
209        <service
209-->[androidx.core:core-remoteviews:1.1.0] AndroidManifest.xml:24:9-27:63
210            android:name="androidx.core.widget.RemoteViewsCompatService"
210-->[androidx.core:core-remoteviews:1.1.0] AndroidManifest.xml:25:13-73
211            android:permission="android.permission.BIND_REMOTEVIEWS" />
211-->[androidx.core:core-remoteviews:1.1.0] AndroidManifest.xml:26:13-69
212        <service
212-->[androidx.room:room-runtime:2.6.1] AndroidManifest.xml:24:9-28:63
213            android:name="androidx.room.MultiInstanceInvalidationService"
213-->[androidx.room:room-runtime:2.6.1] AndroidManifest.xml:25:13-74
214            android:directBootAware="true"
214-->[androidx.room:room-runtime:2.6.1] AndroidManifest.xml:26:13-43
215            android:exported="false" />
215-->[androidx.room:room-runtime:2.6.1] AndroidManifest.xml:27:13-37
216
217        <receiver
217-->[androidx.profileinstaller:profileinstaller:1.3.1] AndroidManifest.xml:34:9-52:20
218            android:name="androidx.profileinstaller.ProfileInstallReceiver"
218-->[androidx.profileinstaller:profileinstaller:1.3.1] AndroidManifest.xml:35:13-76
219            android:directBootAware="false"
219-->[androidx.profileinstaller:profileinstaller:1.3.1] AndroidManifest.xml:36:13-44
220            android:enabled="true"
220-->[androidx.profileinstaller:profileinstaller:1.3.1] AndroidManifest.xml:37:13-35
221            android:exported="true"
221-->[androidx.profileinstaller:profileinstaller:1.3.1] AndroidManifest.xml:38:13-36
222            android:permission="android.permission.DUMP" >
222-->[androidx.profileinstaller:profileinstaller:1.3.1] AndroidManifest.xml:39:13-57
223            <intent-filter>
223-->[androidx.profileinstaller:profileinstaller:1.3.1] AndroidManifest.xml:40:13-42:29
224                <action android:name="androidx.profileinstaller.action.INSTALL_PROFILE" />
224-->[androidx.profileinstaller:profileinstaller:1.3.1] AndroidManifest.xml:41:17-91
224-->[androidx.profileinstaller:profileinstaller:1.3.1] AndroidManifest.xml:41:25-88
225            </intent-filter>
226            <intent-filter>
226-->[androidx.profileinstaller:profileinstaller:1.3.1] AndroidManifest.xml:43:13-45:29
227                <action android:name="androidx.profileinstaller.action.SKIP_FILE" />
227-->[androidx.profileinstaller:profileinstaller:1.3.1] AndroidManifest.xml:44:17-85
227-->[androidx.profileinstaller:profileinstaller:1.3.1] AndroidManifest.xml:44:25-82
228            </intent-filter>
229            <intent-filter>
229-->[androidx.profileinstaller:profileinstaller:1.3.1] AndroidManifest.xml:46:13-48:29
230                <action android:name="androidx.profileinstaller.action.SAVE_PROFILE" />
230-->[androidx.profileinstaller:profileinstaller:1.3.1] AndroidManifest.xml:47:17-88
230-->[androidx.profileinstaller:profileinstaller:1.3.1] AndroidManifest.xml:47:25-85
231            </intent-filter>
232            <intent-filter>
232-->[androidx.profileinstaller:profileinstaller:1.3.1] AndroidManifest.xml:49:13-51:29
233                <action android:name="androidx.profileinstaller.action.BENCHMARK_OPERATION" />
233-->[androidx.profileinstaller:profileinstaller:1.3.1] AndroidManifest.xml:50:17-95
233-->[androidx.profileinstaller:profileinstaller:1.3.1] AndroidManifest.xml:50:25-92
234            </intent-filter>
235        </receiver>
236    </application>
237
238</manifest>